331
167 38306
192 38288
212 38009
226 33863
233 33006
305 32966
395 32889
447 32200
533 32150
542 32149
584 29339
660 29227
687 29169
750 1168
767 1076
782 959
857 947
1269 29150
1315 2118
1338 1351
1406 2113
1493 2070
1621 1727
1764 1901
2022 2064
2126 29084
2207 2586
2232 2374
2590 29073
2616 28997
2684 28988
2695 3339
2780 3306
2821 3176
2893 3030
3075 3146
3350 28877
3364 28810
3371 3469
3482 28801
3489 28724
3504 7790
3550 5838
3559 5830
3573 5684
3592 5666
3634 5584
3830 5509
3886 5503
3909 5119
4008 4860
4013 4804
4128 4776
4155 4768
4199 4406
4435 4728
4872 4977
5145 5422
5878 7728
5899 5943
5994 7596
6100 7581
6174 7055
6221 6836
6231 6833
6350 6471
6499 6770
6938 6989
7074 7568
7083 7557
7287 7433
7836 28714
7884 28677
7893 28430
7993 8348
8079 8257
8391 28402
8473 28387
8503 8801
8623 8626
8693 8720
8842 28237
8884 28217
8958 8965
8972 28196
9046 28190
9048 28084
9077 27937
9082 27914
9086 26646
9136 26431
9145 26338
9185 26223
9208 26136
9225 25832
9237 9626
9241 9566
9275 9358
9398 9527
9475 9504
9654 25773
9682 9751
9780 25756
9799 25753
9830 25634
9923 25600
9949 25441
10009 25388
10013 25364
10096 25222
10129 10156
10158 10388
10429 22882
10478 22867
10577 10702
10721 22858
10816 22314
10841 18271
10901 18264
10916 18223
10938 11217
11026 11184
11105 11147
11235 11295
11299 18109
11326 11363
11439 11626
11458 11570
11654 18099
11774 17920
11844 17916
11864 17825
11916 17815
11938 11985
12189 17811
12258 12373
12423 12429
12446 17750
12458 17733
12477 17717
12518 17675
12536 17672
12609 16237
12651 14714
12654 12850
12740 12770
12879 14708
12939 14669
13108 13227
13250 14608
13259 14596
13265 14580
13309 13431
13500 13631
13642 14517
13662 14466
13666 14370
13696 14366
13759 14282
13808 14065
14109 14226
14729 16085
14906 15684
15035 15624
15102 15435
15262 15327
15451 15592
15703 16047
15707 16034
15749 15982
16287 17652
16297 17596
16351 17552
16379 17492
16408 17443
16502 16562
16578 17364
16658 17342
16729 17317
16838 17216
16913 16981
18325 22308
18386 22270
18535 21971
18587 21701
18593 20840
18636 20775
18646 19763
18718 19752
18736 19715
18745 19714
18749 19201
18829 19077
19223 19582
19279 19558
19471 19481
19591 19665
19820 20760
19869 20745
19875 20027
20139 20594
20146 20412
20540 20587
20868 20872
20877 21694
20964 21000
20878 21178
21274 21668
21418 21629
21634 21664
21729 21954
21767 21941
22028 22217
22397 22822
22414 22796
22532 22729
22953 25201
22959 25130
23073 25049
23107 24971
23197 23367
23368 24935
23440 24920
23567 24882
23667 23741
23757 24670
23798 24618
23812 24452
23829 23974
24096 24361
24143 24148
24464 24551
24681 24846
24727 24728
25909 26105
26528 26575
26802 27858
26840 27578
26863 27523
26931 27505
26939 27467
26973 27398
26982 27196
27641 27660
27785 27811
28242 28283
28529 28601
29102 29139
29270 29318
29340 31742
29484 31067
29535 30973
29622 29793
29869 30967
29890 30769
29998 30070
30150 30713
30157 30712
30165 30606
30224 30498
30570 30604
29485 30979
31126 31731
31170 31712
31260 31649
31318 31632
31369 31596
31375 31588
31386 31490
31752 32057
31803 32043
32206 32848
32208 32763
32223 32676
32283 32497
32287 32294
32288 32289
32327 32347
32601 32645
33068 33610
33111 33565
33138 33464
33726 33818
33927 37993
33999 37975
34003 37971
34124 34483
34179 34216
34329 34482
34525 34614
34620 37884
34714 37864
34730 37783
34750 34769
34779 37583
34784 37575
34795 37564
34833 37486
34871 37458
34873 35088
35094 37445
35119 35159
35207 37398
35256 35265
35342 35422
35480 37352
35529 36413
35585 36350
35677 35882
35914 36283
35975 36230
36470 37266
36496 36722
36735 37171
36852 37067
36881 36940
37142 37147
37511 37516
37636 37655
37671 37747
38347 39889
38360 39748
38363 38541
38385 38389
38645 39467
38670 39430
38711 39270
38820 38863
38871 39217
39499 39695
39784 39879
