361
50 39762
115 39747
336 39745
374 381
419 442
456 39737
468 39650
506 39592
508 39322
545 30329
557 30308
588 30253
592 30228
661 30208
663 1175
750 1024
1195 30126
1241 28725
1300 28463
1360 1406
1526 28455
1532 1556
1582 27457
1661 27432
1780 1825
1853 27294
1863 2057
2070 27291
2178 27240
2179 27237
2186 27214
2217 27173
2258 26195
2279 26171
2288 25588
2313 2318
2352 2884
2374 2397
2471 2637
2669 2796
2918 25098
2941 25073
2970 25014
3093 3108
3192 24950
3236 3621
3258 3358
3457 3599
3484 3537
3633 24923
3634 24913
3639 24802
3737 24796
3743 24754
3793 24750
3827 24745
3878 24578
3882 24206
3912 24012
3922 23807
4076 23649
4126 23648
4178 23555
4308 23533
4418 23519
4451 4749
4752 21816
4780 21810
4792 21700
4866 21692
4878 21225
4918 21177
4995 5376
5085 5291
5293 5308
5458 21143
5512 5577
5604 7548
5629 7535
5646 7521
5798 5810
5816 7487
5858 6387
5878 6326
5893 5942
6007 6236
6027 6140
6142 6217
6148 6190
6291 6305
6479 7036
6554 6946
6601 6630
6737 6901
7075 7483
7078 7319
7137 7163
7143 7157
7561 20974
7579 7686
7725 20897
7791 20821
7828 20818
7852 8028
8057 20695
8064 20678
8127 20635
8209 20620
8249 20519
8262 20287
8340 20110
8365 8437
8446 19920
8483 9683
8605 9660
8665 9641
8709 9307
8720 9158
8728 8948
9397 9639
9725 9836
9732 9822
9925 19904
9937 19830
9968 19825
9975 16764
10021 16522
10168 16489
10191 16170
10221 16141
10245 16094
10250 16076
10261 16027
10279 15925
10343 14967
10353 14022
10366 13999
10418 13875
10460 13790
10472 10686
10687 13710
10711 13662
10717 13327
10736 10843
10751 10816
10906 13068
10931 12975
11168 12906
11275 12832
11322 12747
11401 11547
11548 12731
11684 12379
11749 12348
11810 11884
11900 12091
12111 12322
12439 12534
12544 12659
12748 12826
13333 13428
13432 13577
14088 14908
14122 14676
14143 14236
14358 14657
14445 14637
14473 14616
14686 14782
15012 15519
15018 15109
15178 15478
15215 15235
15288 15456
15579 15772
15580 15756
16185 16342
16531 16655
16690 16720
16833 19781
16876 19702
16969 19692
16998 19598
17033 19466
17037 19391
17047 19349
17093 18878
17122 18115
17194 17675
17239 17576
17241 17518
17605 17612
17686 18105
17712 17980
18158 18846
18213 18803
18255 18770
18321 18362
18467 18589
18633 18765
18902 19303
18966 19161
19009 19101
19012 19082
19382 19384
19409 19446
19962 20051
20112 20277
20370 20447
20984 21102
21232 21527
21535 21614
21881 21933
21943 23504
21984 23444
22032 23440
22164 22454
22266 22359
22467 23346
22513 23345
22518 23126
22550 22577
22579 23021
22638 22769
23134 23168
23430 23439
23566 23604
23888 24002
23941 23967
23979 24001
24014 24040
24152 24181
24262 24463
24289 24391
24306 24333
24631 24684
25144 25540
25153 25509
25200 25486
25273 25327
25328 25471
25690 25971
25775 25812
25989 26117
26200 27153
26211 26351
26281 26292
26404 26635
26511 26630
26540 26578
26700 27065
26710 27003
26744 26964
26789 26923
26847 26903
27531 28379
27581 28336
27593 28331
27651 27877
27670 27874
27773 27823
27933 28114
27984 28039
28139 28175
28177 28309
28519 28720
28525 28581
28810 30102
28885 29290
28963 29227
28985 29202
29305 29331
29375 29758
29390 29533
29426 29482
29655 29696
29767 30057
29784 29868
29932 30052
30342 39164
30363 32095
30378 31936
30380 31909
30417 30571
30783 31860
30834 31734
30852 30865
30979 31649
31020 31545
31063 31482
31090 31438
31094 31241
31266 31278
31619 31641
31940 32037
32111 39029
32166 39027
32222 38962
32263 38956
32432 38887
32509 38867
32562 38841
32639 32672
32713 32809
32814 38753
32839 38739
32863 38600
32902 38549
32917 32966
32996 38494
33043 33127
33132 38493
33162 38427
33167 35794
33204 35594
33293 35573
33316 33502
33412 33468
33568 35549
33575 35460
33640 35426
33713 35294
33717 35149
33736 35037
33798 34039
33803 34033
34099 34377
34103 34167
34257 34356
34383 34627
34407 34477
34529 34557
34748 35025
34918 34969
35488 35520
35642 35782
35646 35665
35825 38354
35844 36426
35940 36062
35999 36058
36077 36248
36107 36129
36429 38350
36431 36863
36525 36753
36613 36678
36946 38334
37011 38245
37082 38195
37164 37200
37203 37904
37216 37827
37289 37804
37299 37583
37379 37569
37599 37774
38059 38155
39116 39135
39433 39483
39835 39965
