355
11 39823
25 39551
78 321
212 235
379 39518
490 39278
498 39177
553 39092
576 38801
605 38755
610 38742
642 32444
664 32342
750 32334
765 31585
767 31461
793 13485
804 13387
838 13063
930 13052
956 13050
969 13035
992 2037
998 1172
1043 1140
1180 1262
1277 1809
1345 1730
1388 1587
1447 1571
1865 2016
2064 12945
2066 4039
2148 4030
2236 2324
2378 2522
2403 2461
2550 4006
2569 3300
2585 3201
2636 3017
2828 2977
2852 2863
3333 3384
3401 3882
3457 3849
3459 3846
3564 3622
3708 3776
3895 3935
4045 4216
4220 12921
4223 12905
4232 4238
4324 12817
4334 4352
4508 12778
4549 12569
4612 7569
4624 7409
4672 4701
4725 7282
4747 7267
4924 7202
4941 7152
4956 5509
4995 5432
5021 5357
5106 5291
5518 7104
5534 5746
5592 5701
5810 7081
5876 6979
5911 6722
5976 6628
6029 6411
6189 6400
6218 6312
6463 6469
6499 6614
6744 6865
6926 6933
6999 7072
7619 12434
7690 12404
7702 12307
7727 12287
7800 12119
7849 12079
7851 9676
7901 9662
8005 9594
8066 8528
8079 8454
8129 8406
8546 9579
8548 9301
8623 9188
8773 8954
8964 9183
8987 9044
9374 9576
9597 9634
9744 12074
9779 11946
9846 9860
9918 11934
9979 11931
10007 10766
10149 10583
10155 10432
10363 10408
10434 10549
10504 10531
10797 11168
10934 11008
11043 11120
11213 11889
11243 11337
11429 11881
11534 11785
11733 11775
11962 12070
7703 12289
12419 12428
12582 12774
13086 13287
13270 13283
13552 13726
13731 31449
13782 28979
13800 28565
13809 28515
13847 28501
13937 28448
13950 28412
13959 28320
13979 14250
13985 14075
14262 28196
14417 28179
14440 28131
14465 28021
14469 14488
14504 27981
14617 27946
14660 27907
14722 26979
14741 26915
14745 14922
14949 26841
14997 26416
15166 26412
15277 26395
15280 26394
15292 26215
15363 25964
15438 15675
15466 15638
15520 15628
15689 15837
15774 15798
15838 15868
15906 25934
15933 25903
16006 25898
16018 25894
16097 25744
16101 16159
16163 25583
16272 25541
16374 25527
16386 17790
16395 16860
16422 16426
16574 16684
16878 17755
16880 16965
16972 17676
17000 17467
17024 17305
17102 17233
17684 17753
17859 25475
17909 25469
17924 25316
17980 18361
18363 25283
18415 18541
18429 18473
18563 18596
18658 25281
18685 25233
18717 25162
18795 25156
18889 24486
18930 24236
18990 19007
19031 24230
19047 24200
19049 21100
19116 21042
19206 19252
19327 21033
19330 20893
19340 20559
19391 20520
19455 20496
19640 20382
19665 19708
19806 20370
19877 20369
19977 20260
20385 20467
20651 20761
20805 20814
21101 24138
21124 24134
21126 23964
21133 23876
21138 22695
21216 22591
21228 22508
21231 22503
21284 22401
21334 21719
21395 21651
21404 21496
21553 21591
21809 22103
21878 21889
21916 22057
22166 22372
22632 22671
22735 23581
22740 23488
22821 23468
22857 23426
22949 23379
23037 23049
23169 23233
24257 24354
24589 24768
24663 24746
24773 25046
25323 25328
25335 25417
25652 25724
25679 25702
25965 26162
26145 26157
26248 26277
26469 26651
26673 26721
26980 27851
27059 27828
27074 27282
27126 27202
27285 27793
27312 27338
27449 27775
27511 27552
27654 27742
28040 28097
28574 28918
28590 28872
28649 28686
28983 31409
28991 31374
29023 31258
29260 31256
29350 31241
29355 31178
29379 30707
29432 30650
29437 30583
29445 30567
29511 30547
29546 30392
29565 30379
29690 30344
29735 29937
29738 29913
29742 29866
30012 30061
30073 30141
30167 30236
30296 30323
30758 30916
30942 31109
31505 31584
31635 32170
31797 31813
31827 32100
31950 32062
31980 32036
32461 38710
32471 38562
32517 38496
32673 38486
32768 32834
32861 38418
32875 33840
32880 33830
32967 33733
33035 33051
33088 33727
33167 33667
33211 33612
33324 33464
33549 33556
33739 33758
33849 38370
33852 33856
34011 38364
34024 38337
34096 38318
34157 35999
34167 35929
34207 34240
34250 34757
34336 34691
34436 34586
34760 35852
34767 35268
34828 35202
34866 35006
34884 34891
35307 35328
35358 35807
35398 35757
35434 35723
35749 35753
36012 36655
36017 36638
36045 36096
36069 36076
36114 36540
36128 36279
36372 36409
36699 38309
36709 38308
36742 37882
36760 37796
36799 37563
36853 37523
37099 37479
37116 37212
37347 37471
37603 37746
37941 38292
38903 38942
39413 39493
39574 39792
