360
54 39783
81 39739
146 39703
250 30574
272 30471
276 30450
301 403
411 29251
492 29204
551 29190
569 29159
625 29099
645 29080
665 774
788 29072
885 28861
976 1016
1034 28746
1070 1268
1121 1209
1122 1129
1175 1193
1292 28640
1301 28594
1325 28414
1347 26320
1366 26109
1449 25978
1639 1878
1728 1740
1895 25843
1968 25811
2042 25798
2076 2223
2251 25612
2358 25585
2362 25574
2378 9935
2432 9869
2434 9800
2507 9774
2583 9655
2602 9570
2635 2959
2645 2889
2657 2856
2705 2768
2863 2879
3203 9535
3270 9364
3309 9357
3366 4486
3386 3747
3414 3506
3455 3493
3512 3557
3561 3709
3872 4462
3880 3955
4034 4453
4083 4376
4565 9349
4586 9342
4606 9224
4656 8205
4808 8139
4852 8127
4872 6938
4881 6819
4891 6784
5012 6553
5080 5826
5135 5458
5179 5214
5245 5355
5508 5817
5596 5737
5865 6265
5894 6213
5924 6141
6312 6528
6339 6514
6596 6700
6606 6622
6940 7000
7055 8126
7062 7996
7250 7966
7383 7914
7415 7777
7421 7720
7521 7601
8221 9198
8244 8717
8339 8707
8363 8377
8444 8648
8775 9095
9279 9341
9941 10894
9956 10853
9973 10038
10048 10793
10140 10483
10190 10204
10217 10222
10329 10409
10049 10629
10759 10771
10924 25572
10936 25451
10957 25323
11017 25302
11052 11075
11082 23294
11135 23252
11144 22934
11272 22897
11335 12920
11398 12800
11400 11453
11476 11579
11591 12717
11605 12221
11628 12015
11641 11703
11724 11827
11759 11788
12224 12656
12228 12507
12248 12453
12496 12501
12924 22883
13011 22863
13027 13259
13090 13207
13288 22812
13291 22791
13383 13668
13451 13542
13734 22707
13736 22272
13743 22271
13756 22137
13778 22121
13827 21484
13831 21434
13836 20519
13982 20416
14065 20377
14149 20330
14284 20302
14337 20289
14390 19816
14398 19736
14539 14547
14599 19607
14603 19566
14630 19552
14780 14799
14921 19258
15006 19166
15082 16329
15352 16296
15357 15431
15458 15861
15602 15787
15629 15744
15684 15701
15880 16173
15884 16121
15896 15978
16360 16452
16456 16794
16533 16680
16609 16646
16759 16790
16798 19150
16872 16949
16950 19127
16969 19101
16994 19088
17048 18998
17064 18853
17114 18835
17119 18784
17142 17183
17218 18646
17391 18630
17421 18611
17487 18481
17669 17970
17679 17724
17994 18387
18097 18328
18189 18238
18912 18928
19003 19055
14631 19362
14399 19628
19859 20198
19866 20139
19874 19918
20552 21290
20555 21158
20581 21074
20614 21060
20615 20770
20777 21041
13828 21477
21615 21979
21721 21798
21806 21951
21990 22020
22295 22703
22358 22502
22398 22493
22534 22695
22984 23099
23318 25252
23344 23729
23361 23668
23424 23635
23430 23468
23739 25235
23751 25196
23775 25195
23862 24553
23886 24337
23945 24266
23948 24178
24011 24119
24348 24464
24362 24460
24488 24491
24565 24582
24643 24661
24675 24721
24784 25156
24815 25152
24957 25063
25330 25367
25649 25788
25670 25782
25850 25924
25999 26000
26018 26065
26197 26202
26330 28364
26352 26685
26424 26510
26595 26610
26697 28307
26727 28233
26732 27725
26851 27717
26862 27271
26874 27022
27099 27232
27170 27229
27171 27206
27285 27695
27309 27661
27423 27604
27464 27571
27822 28231
27840 27887
27898 28026
27908 27995
28421 28522
28544 28585
28650 28730
29263 30381
29268 30334
29304 30246
29332 29486
29390 29432
29581 29702
29711 29945
29869 29884
30320 30329
30610 30708
30802 39626
30889 39616
30901 30942
30944 31111
31018 31022
31162 39558
31186 39509
31246 39434
31300 38926
31331 31463
31301 31602
31621 31952
31729 31848
31955 38860
32056 38770
32074 38400
32078 32181
32201 32380
32413 38090
32424 37969
32491 37910
32585 37882
32601 37820
32616 32703
32736 37793
32799 37773
32825 32993
32913 32965
33112 37592
33120 34564
33242 34557
33247 34499
33251 34466
33393 33614
33413 33484
33723 34440
33741 33955
34275 34381
34674 37580
34740 34742
34784 37470
34798 37403
34840 34924
34966 35010
35018 37293
35108 37213
35161 37163
35182 37127
35326 37108
35371 35735
35375 35716
35415 35500
35548 35690
35609 35650
35859 36463
35889 35921
35955 36399
36241 36338
36567 37064
36578 36914
36593 36820
36625 36768
36929 37017
37336 37393
37647 37726
38130 38321
38194 38313
38435 38438
38442 38721
38448 38718
38575 38678
38794 38845
38815 38839
38983 39195
39020 39163
39196 39291
39292 39421
39443 39460
