366
6 39909
70 39856
111 39849
186 39821
236 351
394 37096
418 37007
431 35749
437 35715
448 35695
514 35619
519 550
582 630
746 35601
814 35600
870 35279
905 4088
909 956
959 1135
1184 1185
1194 1294
1437 4083
1445 3905
1488 3897
1503 3058
1507 1601
1602 3022
1647 3002
1657 1666
1680 2349
1780 1806
1866 1949
1981 2182
2156 2178
2354 2794
2462 2464
2604 2754
2703 2710
2827 2889
3086 3819
3211 3777
3214 3636
3259 3547
3307 3458
3853 3862
3973 4059
4094 35214
4168 35213
4215 35190
4268 33656
4317 33393
4326 33388
4392 33354
4515 33344
4590 33336
4660 33124
4710 33117
4738 32990
4800 32804
4801 32699
4803 4813
4821 32580
4872 32538
4874 6939
4922 5277
4965 5172
4972 5086
5291 5443
5451 6930
5460 5517
5618 6894
5666 6892
5716 5984
5790 5902
6143 6868
6181 6783
6200 6584
6208 6578
6322 6466
6324 6405
6469 6539
6631 6674
6693 6725
7090 32510
7113 32485
7121 17102
7136 17070
7166 16038
7198 16023
7238 7399
7483 15944
7509 15908
7546 7619
7645 15865
7770 15827
7794 7935
7943 15680
7950 8316
8026 8232
8153 8169
8337 15677
8346 15634
8453 15595
8477 15572
8555 8795
8806 15114
8815 14984
8860 9031
9035 14316
9040 14289
9140 14279
9192 9422
9207 9382
9435 14162
9446 13571
9462 10431
9483 9531
9581 10420
9614 10264
9701 10263
9800 10173
9870 10024
10049 10130
10470 13563
10498 13498
10670 13495
10744 13479
10841 11403
10901 11392
10929 11366
11211 11364
11422 13457
11433 12341
11454 12008
11499 11815
11521 11759
11579 11749
11594 11746
11894 11970
12032 12289
12111 12195
12396 12430
12448 12574
12591 13370
12596 13301
12604 13062
12616 12720
12776 13026
12829 12996
13140 13265
13646 14141
13697 13934
13722 13828
13780 13800
13962 14129
14100 14123
14319 14390
14473 14957
14500 14544
14551 14934
14571 14927
14601 14686
15058 15078
15126 15566
15298 15525
16060 16642
16134 16630
16252 16458
16335 16412
16576 16603
16708 16929
16745 16907
16947 17032
17112 32477
17157 17162
17189 32358
17209 17255
17265 32235
17313 32028
17417 31990
17505 31923
17547 30334
17564 18015
17585 18012
17618 17784
17794 17850
17859 17905
18049 30332
18098 29834
18192 29818
18294 29571
18300 29534
18317 29506
18364 28065
18384 28047
18423 18463
18496 18602
18570 18580
18608 28025
18687 27944
18781 27852
18864 27763
18870 27634
18878 27413
18912 26101
18919 26100
18963 18977
19091 19282
19178 19226
19339 26038
19343 19391
19394 25981
19428 19547
19549 20082
19625 20038
19634 19972
19770 19897
20098 25952
20119 20688
20144 20653
20176 20225
20247 20521
20258 20326
20268 20313
20337 20498
20444 20446
20821 21100
20861 21048
20963 21037
21148 25887
21234 21287
21293 25799
21361 25762
21388 24815
21447 24524
21478 24514
21563 21680
21778 24460
21934 24455
21971 23924
22066 23900
22069 23725
22108 23724
22123 22240
22130 22208
22253 22449
22542 23545
22546 23294
22548 23201
22671 23188
22693 23185
22860 23082
23396 23482
23768 23857
23808 23823
23998 24039
24043 24068
24210 24260
24277 24362
24391 24410
24598 24794
24633 24688
24757 24778
24832 25601
24853 25521
24865 25422
25071 25397
25074 25395
25085 25387
25086 25287
25087 25167
25191 25270
25458 25502
25696 25700
26125 26178
26209 26992
26292 26991
26347 26888
26397 26753
26635 26730
27017 27399
27038 27342
27449 27616
27460 27605
28088 29496
28111 28877
28128 28604
28152 28590
28249 28576
28366 28371
28652 28802
28882 29016
29022 29152
29070 29087
29088 29116
29185 29403
29247 29396
29614 29627
29648 29780
29903 29943
29983 30160
29988 30100
30201 30317
30363 31579
30415 31546
30437 31487
30461 31386
30463 30603
30690 31350
30706 31289
30741 31080
30896 30899
31675 31878
31691 31792
32108 32175
32729 32767
33442 33614
33670 35150
33672 34660
33677 34283
33749 34179
33829 34097
33998 34065
34295 34621
34387 34565
34681 35111
34965 35064
35291 35428
35317 35338
35443 35478
35753 36044
35822 36043
35834 35968
35986 36015
36047 36519
36196 36505
36197 36424
36269 36370
36522 37000
36542 36914
36592 36740
37151 39727
37210 39723
37220 37328
37337 39698
37361 37640
37414 37631
37424 37509
37642 39624
37663 37710
37739 39333
37740 39294
37801 38023
37806 38012
37838 37905
37852 37880
37931 37954
38215 38607
38234 38605
38316 38342
38660 39240
38677 39076
38689 38870
38698 38790
39091 39145
39397 39536
